<?xml version="1.0" encoding="UTF-8"?>
<coverage generated="1669003354116" clover="3.2.0">
  <project timestamp="1669003354116" name="All files">
    <metrics statements="5" coveredstatements="5" conditionals="0" coveredconditionals="0" methods="3" coveredmethods="3" elements="8" coveredelements="8" complexity="0" loc="5" ncloc="5" packages="1" files="2" classes="2"/>
    <file name="Arrays.js" path="C:\Users\ASUS\Documents\Jonathan\Codigo\PROYECTO\JEST\src\Arrays.js">
      <metrics statements="3" coveredstatements="3" conditionals="0" coveredconditionals="0" methods="2" coveredmethods="2"/>
      <line num="2" count="3" type="stmt"/>
      <line num="15" count="1" type="stmt"/>
      <line num="24" count="1" type="stmt"/>
    </file>
    <file name="suma.js" path="C:\Users\ASUS\Documents\Jonathan\Codigo\PROYECTO\JEST\src\suma.js">
      <metrics statements="2" coveredstatements="2" conditionals="0" coveredconditionals="0" methods="1" coveredmethods="1"/>
      <line num="2" count="4" type="stmt"/>
      <line num="5" count="1" type="stmt"/>
    </file>
  </project>
</coverage>
