{"C:\\Users\\ASUS\\Documents\\Jonathan\\Codigo\\PROYECTO\\JEST\\src\\Arrays.js": {"path":"C:\\Users\\ASUS\\Documents\\Jonathan\\Codigo\\PROYECTO\\JEST\\src\\Arrays.js","statementMap":{"0":{"start":{"line":2,"column":4},"end":{"line":11,"column":5}},"1":{"start":{"line":15,"column":4},"end":{"line":21,"column":5}},"2":{"start":{"line":24,"column":0},"end":{"line":24,"column":52}}},"fnMap":{"0":{"name":"movieList","decl":{"start":{"line":1,"column":9},"end":{"line":1,"column":18}},"loc":{"start":{"line":1,"column":21},"end":{"line":12,"column":1}},"line":1},"1":{"name":"MovieGenre","decl":{"start":{"line":14,"column":9},"end":{"line":14,"column":19}},"loc":{"start":{"line":14,"column":22},"end":{"line":22,"column":1}},"line":14}},"branchMap":{},"s":{"0":3,"1":1,"2":1},"f":{"0":3,"1":1},"b":{},"_coverageSchema":"1a1c01bbd47fc00a2c39e90264f33305004495a9","hash":"9723abbbcd36efe48b3c1f80eec37b1bc08ca032"}
,"C:\\Users\\ASUS\\Documents\\Jonathan\\Codigo\\PROYECTO\\JEST\\src\\suma.js": {"path":"C:\\Users\\ASUS\\Documents\\Jonathan\\Codigo\\PROYECTO\\JEST\\src\\suma.js","statementMap":{"0":{"start":{"line":2,"column":4},"end":{"line":2,"column":16}},"1":{"start":{"line":5,"column":0},"end":{"line":5,"column":21}}},"fnMap":{"0":{"name":"suma","decl":{"start":{"line":1,"column":9},"end":{"line":1,"column":13}},"loc":{"start":{"line":1,"column":20},"end":{"line":3,"column":1}},"line":1}},"branchMap":{},"s":{"0":4,"1":1},"f":{"0":4},"b":{},"_coverageSchema":"1a1c01bbd47fc00a2c39e90264f33305004495a9","hash":"4dbdf955edf0437c5b9b4fe082857fb2492d1983"}
}
